<?xml version="1.0" encoding="UTF-8"?>
<testng-results ignored="0" total="6" passed="6" failed="0" skipped="0">
  <reporter-output>
  </reporter-output>
  <suite started-at="2022-10-09T01:11:29 EDT" name="Suite1" finished-at="2022-10-09T01:12:10 EDT" duration-ms="40852">
    <groups>
    </groups>
    <test started-at="2022-10-09T01:11:29 EDT" name="Regression" finished-at="2022-10-09T01:12:10 EDT" duration-ms="40852">
      <class name="com.salesForce.tests.AutomationScripts">
        <test-method is-config="true" signature="setupBeforeTest()[pri:0, instance:com.salesForce.tests.AutomationScripts@22356acd]" started-at="2022-10-09T01:11:29 EDT" name="setupBeforeTest" finished-at="2022-10-09T01:11:29 EDT" duration-ms="159" status="PASS">
          <reporter-output>
          </reporter-output>
        </test-method> <!-- setupBeforeTest -->
        <test-method is-config="true" signature="setUp(java.lang.String,java.lang.reflect.Method)[pri:0, instance:com.salesForce.tests.AutomationScripts@22356acd]" started-at="2022-10-09T01:11:29 EDT" name="setUp" finished-at="2022-10-09T01:11:32 EDT" duration-ms="3181" status="PASS">
          <params>
            <param index="0">
              <value>
                <![CDATA[chrome]]>
              </value>
            </param>
            <param index="1">
              <value>
                <![CDATA[public static void com.salesForce.tests.AutomationScripts.SFTC01_emptyPassword() throws java.lang.InterruptedException]]>
              </value>
            </param>
          </params>
          <reporter-output>
          </reporter-output>
        </test-method> <!-- setUp -->
        <test-method signature="SFTC01_emptyPassword()[pri:0, instance:com.salesForce.tests.AutomationScripts@22356acd]" started-at="2022-10-09T01:11:32 EDT" name="SFTC01_emptyPassword" finished-at="2022-10-09T01:11:32 EDT" duration-ms="283" status="PASS">
          <reporter-output>
          </reporter-output>
        </test-method> <!-- SFTC01_emptyPassword -->
        <test-method is-config="true" signature="tearDown()[pri:0, instance:com.salesForce.tests.AutomationScripts@22356acd]" started-at="2022-10-09T01:11:32 EDT" name="tearDown" finished-at="2022-10-09T01:11:33 EDT" duration-ms="278" status="PASS">
          <reporter-output>
          </reporter-output>
        </test-method> <!-- tearDown -->
        <test-method is-config="true" signature="setUp(java.lang.String,java.lang.reflect.Method)[pri:0, instance:com.salesForce.tests.AutomationScripts@22356acd]" started-at="2022-10-09T01:11:33 EDT" name="setUp" finished-at="2022-10-09T01:11:34 EDT" duration-ms="1744" status="PASS">
          <params>
            <param index="0">
              <value>
                <![CDATA[chrome]]>
              </value>
            </param>
            <param index="1">
              <value>
                <![CDATA[public static void com.salesForce.tests.AutomationScripts.SFTC02_login()]]>
              </value>
            </param>
          </params>
          <reporter-output>
          </reporter-output>
        </test-method> <!-- setUp -->
        <test-method signature="SFTC02_login()[pri:0, instance:com.salesForce.tests.AutomationScripts@22356acd]" started-at="2022-10-09T01:11:34 EDT" name="SFTC02_login" finished-at="2022-10-09T01:11:37 EDT" duration-ms="2174" status="PASS">
          <reporter-output>
          </reporter-output>
        </test-method> <!-- SFTC02_login -->
        <test-method is-config="true" signature="tearDown()[pri:0, instance:com.salesForce.tests.AutomationScripts@22356acd]" started-at="2022-10-09T01:11:37 EDT" name="tearDown" finished-at="2022-10-09T01:11:37 EDT" duration-ms="143" status="PASS">
          <reporter-output>
          </reporter-output>
        </test-method> <!-- tearDown -->
        <test-method is-config="true" signature="setUp(java.lang.String,java.lang.reflect.Method)[pri:0, instance:com.salesForce.tests.AutomationScripts@22356acd]" started-at="2022-10-09T01:11:37 EDT" name="setUp" finished-at="2022-10-09T01:11:38 EDT" duration-ms="1749" status="PASS">
          <params>
            <param index="0">
              <value>
                <![CDATA[chrome]]>
              </value>
            </param>
            <param index="1">
              <value>
                <![CDATA[public static void com.salesForce.tests.AutomationScripts.SFTC03_rememberUsername() throws java.lang.InterruptedException]]>
              </value>
            </param>
          </params>
          <reporter-output>
          </reporter-output>
        </test-method> <!-- setUp -->
        <test-method signature="SFTC03_rememberUsername()[pri:0, instance:com.salesForce.tests.AutomationScripts@22356acd]" started-at="2022-10-09T01:11:38 EDT" name="SFTC03_rememberUsername" finished-at="2022-10-09T01:11:42 EDT" duration-ms="3604" status="PASS">
          <reporter-output>
          </reporter-output>
        </test-method> <!-- SFTC03_rememberUsername -->
        <test-method is-config="true" signature="tearDown()[pri:0, instance:com.salesForce.tests.AutomationScripts@22356acd]" started-at="2022-10-09T01:11:42 EDT" name="tearDown" finished-at="2022-10-09T01:11:58 EDT" duration-ms="16241" status="PASS">
          <reporter-output>
          </reporter-output>
        </test-method> <!-- tearDown -->
        <test-method is-config="true" signature="setUp(java.lang.String,java.lang.reflect.Method)[pri:0, instance:com.salesForce.tests.AutomationScripts@22356acd]" started-at="2022-10-09T01:11:58 EDT" name="setUp" finished-at="2022-10-09T01:12:00 EDT" duration-ms="1530" status="PASS">
          <params>
            <param index="0">
              <value>
                <![CDATA[chrome]]>
              </value>
            </param>
            <param index="1">
              <value>
                <![CDATA[public static void com.salesForce.tests.AutomationScripts.SFTC04A_forgotPassword() throws java.lang.InterruptedException]]>
              </value>
            </param>
          </params>
          <reporter-output>
          </reporter-output>
        </test-method> <!-- setUp -->
        <test-method signature="SFTC04A_forgotPassword()[pri:0, instance:com.salesForce.tests.AutomationScripts@22356acd]" started-at="2022-10-09T01:12:00 EDT" name="SFTC04A_forgotPassword" finished-at="2022-10-09T01:12:00 EDT" duration-ms="572" status="PASS">
          <reporter-output>
          </reporter-output>
        </test-method> <!-- SFTC04A_forgotPassword -->
        <test-method is-config="true" signature="tearDown()[pri:0, instance:com.salesForce.tests.AutomationScripts@22356acd]" started-at="2022-10-09T01:12:00 EDT" name="tearDown" finished-at="2022-10-09T01:12:01 EDT" duration-ms="324" status="PASS">
          <reporter-output>
          </reporter-output>
        </test-method> <!-- tearDown -->
        <test-method is-config="true" signature="setUp(java.lang.String,java.lang.reflect.Method)[pri:0, instance:com.salesForce.tests.AutomationScripts@22356acd]" started-at="2022-10-09T01:12:01 EDT" name="setUp" finished-at="2022-10-09T01:12:02 EDT" duration-ms="1734" status="PASS">
          <params>
            <param index="0">
              <value>
                <![CDATA[chrome]]>
              </value>
            </param>
            <param index="1">
              <value>
                <![CDATA[public static void com.salesForce.tests.AutomationScripts.SFTC04B_loginErrorMessage() throws java.lang.InterruptedException]]>
              </value>
            </param>
          </params>
          <reporter-output>
          </reporter-output>
        </test-method> <!-- setUp -->
        <test-method signature="SFTC04B_loginErrorMessage()[pri:0, instance:com.salesForce.tests.AutomationScripts@22356acd]" started-at="2022-10-09T01:12:02 EDT" name="SFTC04B_loginErrorMessage" finished-at="2022-10-09T01:12:04 EDT" duration-ms="1295" status="PASS">
          <reporter-output>
          </reporter-output>
        </test-method> <!-- SFTC04B_loginErrorMessage -->
        <test-method is-config="true" signature="tearDown()[pri:0, instance:com.salesForce.tests.AutomationScripts@22356acd]" started-at="2022-10-09T01:12:04 EDT" name="tearDown" finished-at="2022-10-09T01:12:04 EDT" duration-ms="231" status="PASS">
          <reporter-output>
          </reporter-output>
        </test-method> <!-- tearDown -->
        <test-method is-config="true" signature="setUp(java.lang.String,java.lang.reflect.Method)[pri:0, instance:com.salesForce.tests.AutomationScripts@22356acd]" started-at="2022-10-09T01:12:04 EDT" name="setUp" finished-at="2022-10-09T01:12:06 EDT" duration-ms="1665" status="PASS">
          <params>
            <param index="0">
              <value>
                <![CDATA[chrome]]>
              </value>
            </param>
            <param index="1">
              <value>
                <![CDATA[public static void com.salesForce.tests.AutomationScripts.SFTC05_userMenu() throws java.lang.InterruptedException]]>
              </value>
            </param>
          </params>
          <reporter-output>
          </reporter-output>
        </test-method> <!-- setUp -->
        <test-method signature="SFTC05_userMenu()[pri:0, instance:com.salesForce.tests.AutomationScripts@22356acd]" started-at="2022-10-09T01:12:06 EDT" name="SFTC05_userMenu" finished-at="2022-10-09T01:12:09 EDT" duration-ms="3323" status="PASS">
          <reporter-output>
          </reporter-output>
        </test-method> <!-- SFTC05_userMenu -->
        <test-method is-config="true" signature="tearDown()[pri:0, instance:com.salesForce.tests.AutomationScripts@22356acd]" started-at="2022-10-09T01:12:09 EDT" name="tearDown" finished-at="2022-10-09T01:12:09 EDT" duration-ms="141" status="PASS">
          <reporter-output>
          </reporter-output>
        </test-method> <!-- tearDown -->
        <test-method is-config="true" signature="teardownAfterTest()[pri:0, instance:com.salesForce.tests.AutomationScripts@22356acd]" started-at="2022-10-09T01:12:09 EDT" name="teardownAfterTest" finished-at="2022-10-09T01:12:10 EDT" duration-ms="395" status="PASS">
          <reporter-output>
          </reporter-output>
        </test-method> <!-- teardownAfterTest -->
      </class> <!-- com.salesForce.tests.AutomationScripts -->
    </test> <!-- Regression -->
  </suite> <!-- Suite1 -->
</testng-results>
