<?xml version="1.0" encoding="UTF-8"?>
<!-- Generated by org.testng.reporters.JUnitXMLReporter -->
<testsuite ignored="0" hostname="DESKTOP-PTDMAQQ" failures="0" tests="6" name="Regression" time="40.852" errors="0" timestamp="2022-10-09T01:12:10 EDT">
  <testcase classname="com.salesForce.tests.AutomationScripts" name="SFTC01_emptyPassword" time="0.283"/>
  <testcase classname="com.salesForce.tests.AutomationScripts" name="SFTC02_login" time="2.174"/>
  <testcase classname="com.salesForce.tests.AutomationScripts" name="SFTC03_rememberUsername" time="3.604"/>
  <testcase classname="com.salesForce.tests.AutomationScripts" name="SFTC04A_forgotPassword" time="0.572"/>
  <testcase classname="com.salesForce.tests.AutomationScripts" name="SFTC04B_loginErrorMessage" time="1.295"/>
  <testcase classname="com.salesForce.tests.AutomationScripts" name="SFTC05_userMenu" time="3.323"/>
</testsuite> <!-- Regression -->
